2013-05-29T11:35:29.976Z   200      15567 http://diangu01.banzhu.com/images/bcastr4.swf?xml=/ajax/flashslide/diangu01/5.aspx E http://diangu01.banzhu.com/ application/x-shockwave-flash #014 20130529113529757+161 sha1:K6S7WBJ462VLZ4IFJTXZGTGXSKCCWVUA - le:FileNotFoundException@MirrorWriter
 java.io.FileNotFoundException: D:\Eclipse files\SearchEngine\Heritrix\jobs\diangu2-20130529113051679\mirror\diangu01.banzhu.com\images\bcastr4xml=\ajax\flashslide\diangu01\5.aspx.swfN (系统找不到指定的路径。)
	at java.io.FileOutputStream.open(Native Method)
	at java.io.FileOutputStream.<init>(Unknown Source)
	at java.io.FileOutputStream.<init>(Unknown Source)
	at org.archive.crawler.writer.MirrorWriterProcessor.writeToPath(MirrorWriterProcessor.java:696)
	at org.archive.crawler.writer.MirrorWriterProcessor.innerProcess(MirrorWriterProcessor.java:376)
	at org.archive.crawler.framework.Processor.process(Processor.java:109)
	at org.archive.crawler.framework.ToeThread.processCrawlUri(ToeThread.java:306)
	at org.archive.crawler.framework.ToeThread.run(ToeThread.java:154)
2013-05-29T11:35:37.348Z   200        401 http://164.adsina.allyes.com/main/adfshow?user=AFP6_for_SINA|Comic|ComicPV&db=sina&border=0&local=yes EXE http://edu.sina.com.cn/ text/html #023 20130529113537306+40 sha1:AVZSEWJOQ4P7A2FE6EBTSKHERV5LBJWB - le:FileNotFoundException@MirrorWriter
 java.io.FileNotFoundException: D:\Eclipse files\SearchEngine\Heritrix\jobs\diangu2-20130529113051679\mirror\164.adsina.allyes.com\main\adfshowuser=AFP6_for_SINA|Comic|ComicPV&db=sina&border=0&local=yesN (文件名、目录名或卷标语法不正确。)
	at java.io.FileOutputStream.open(Native Method)
	at java.io.FileOutputStream.<init>(Unknown Source)
	at java.io.FileOutputStream.<init>(Unknown Source)
	at org.archive.crawler.writer.MirrorWriterProcessor.writeToPath(MirrorWriterProcessor.java:696)
	at org.archive.crawler.writer.MirrorWriterProcessor.innerProcess(MirrorWriterProcessor.java:376)
	at org.archive.crawler.framework.Processor.process(Processor.java:109)
	at org.archive.crawler.framework.ToeThread.processCrawlUri(ToeThread.java:306)
	at org.archive.crawler.framework.ToeThread.run(ToeThread.java:154)
2013-05-29T11:35:37.358Z   200        388 http://53.adsina.allyes.com/main/adfshow?user=AFP6_for_SINA|Edu|EduPV&db=sina&border=0&local=yes EXE http://edu.sina.com.cn/ text/html #042 20130529113537313+43 sha1:XOPPNBZ45DJ6GKZWMT4QNRZ43L4CPNC7 - le:FileNotFoundException@MirrorWriter
 java.io.FileNotFoundException: D:\Eclipse files\SearchEngine\Heritrix\jobs\diangu2-20130529113051679\mirror\53.adsina.allyes.com\main\adfshowuser=AFP6_for_SINA|Edu|EduPV&db=sina&border=0&local=yesN (文件名、目录名或卷标语法不正确。)
	at java.io.FileOutputStream.open(Native Method)
	at java.io.FileOutputStream.<init>(Unknown Source)
	at java.io.FileOutputStream.<init>(Unknown Source)
	at org.archive.crawler.writer.MirrorWriterProcessor.writeToPath(MirrorWriterProcessor.java:696)
	at org.archive.crawler.writer.MirrorWriterProcessor.innerProcess(MirrorWriterProcessor.java:376)
	at org.archive.crawler.framework.Processor.process(Processor.java:109)
	at org.archive.crawler.framework.ToeThread.processCrawlUri(ToeThread.java:306)
	at org.archive.crawler.framework.ToeThread.run(ToeThread.java:154)
2013-05-29T11:35:39.505Z   200        279 http://164.adsina.allyes.com/main/adfshow?user=AFP6_for_SINA|Comic|ComicPV&db=sina&local=yes&js=on EXE http://edu.sina.com.cn/ text/html #034 20130529113539349+155 sha1:EZC4ETFTTN7WDURM6RUEANXURSMJ4DRT - le:FileNotFoundException@MirrorWriter
 java.io.FileNotFoundException: D:\Eclipse files\SearchEngine\Heritrix\jobs\diangu2-20130529113051679\mirror\164.adsina.allyes.com\main\adfshowuser=AFP6_for_SINA|Comic|ComicPV&db=sina&local=yes&js=onN (文件名、目录名或卷标语法不正确。)
	at java.io.FileOutputStream.open(Native Method)
	at java.io.FileOutputStream.<init>(Unknown Source)
	at java.io.FileOutputStream.<init>(Unknown Source)
	at org.archive.crawler.writer.MirrorWriterProcessor.writeToPath(MirrorWriterProcessor.java:696)
	at org.archive.crawler.writer.MirrorWriterProcessor.innerProcess(MirrorWriterProcessor.java:376)
	at org.archive.crawler.framework.Processor.process(Processor.java:109)
	at org.archive.crawler.framework.ToeThread.processCrawlUri(ToeThread.java:306)
	at org.archive.crawler.framework.ToeThread.run(ToeThread.java:154)
2013-05-29T11:35:39.516Z   200        266 http://53.adsina.allyes.com/main/adfshow?user=AFP6_for_SINA|Edu|EduPV&db=sina&local=yes&js=on EXE http://edu.sina.com.cn/ text/html #039 20130529113539358+157 sha1:RJ7CERKTKJKI3HMYG6X23ELX4CWHWB4W - le:FileNotFoundException@MirrorWriter
 java.io.FileNotFoundException: D:\Eclipse files\SearchEngine\Heritrix\jobs\diangu2-20130529113051679\mirror\53.adsina.allyes.com\main\adfshowuser=AFP6_for_SINA|Edu|EduPV&db=sina&local=yes&js=onN (文件名、目录名或卷标语法不正确。)
	at java.io.FileOutputStream.open(Native Method)
	at java.io.FileOutputStream.<init>(Unknown Source)
	at java.io.FileOutputStream.<init>(Unknown Source)
	at org.archive.crawler.writer.MirrorWriterProcessor.writeToPath(MirrorWriterProcessor.java:696)
	at org.archive.crawler.writer.MirrorWriterProcessor.innerProcess(MirrorWriterProcessor.java:376)
	at org.archive.crawler.framework.Processor.process(Processor.java:109)
	at org.archive.crawler.framework.ToeThread.processCrawlUri(ToeThread.java:306)
	at org.archive.crawler.framework.ToeThread.run(ToeThread.java:154)
2013-05-29T11:35:44.408Z   200      10270 http://www.diyifanwen.com/chengyu/chengyugushi/index.html R http://www.diyifanwen.com/chengyu/chengyugushi/ text/html #041 20130529113544317+74 sha1:GCAKZTF7KIQYMHKVKKO4FJOQ2KC6VUWB - le:IOException@MirrorWriter
 java.io.IOException: Can not rename D:\Eclipse files\SearchEngine\Heritrix\jobs\diangu2-20130529113051679\mirror\www.diyifanwen.com\chengyu\chengyugushi\index.htmlN to D:\Eclipse files\SearchEngine\Heritrix\jobs\diangu2-20130529113051679\mirror\www.diyifanwen.com\chengyu\chengyugushi\index.html
	at org.archive.crawler.writer.MirrorWriterProcessor.writeToPath(MirrorWriterProcessor.java:704)
	at org.archive.crawler.writer.MirrorWriterProcessor.innerProcess(MirrorWriterProcessor.java:376)
	at org.archive.crawler.framework.Processor.process(Processor.java:109)
	at org.archive.crawler.framework.ToeThread.processCrawlUri(ToeThread.java:306)
	at org.archive.crawler.framework.ToeThread.run(ToeThread.java:154)
2013-05-29T11:35:47.698Z   404       5246 http://www.tonghua5.com/%7Bdede:global.cfg_templeturl/%7D/style/tonghua5tag.css LE http://www.tonghua5.com/gushizhuanti.html text/html #025 20130529113547632+62 sha1:4OHVC73YBLOQZOFNIJTUZUS4ZK5OHN2T - le:IOException@MirrorWriter
 java.io.IOException: Can not mkdir D:\Eclipse files\SearchEngine\Heritrix\jobs\diangu2-20130529113051679\mirror\www.tonghua5.com\{dede:global.cfg_templeturl
	at org.archive.crawler.writer.MirrorWriterProcessor$DirSegment.addToPath(MirrorWriterProcessor.java:956)
	at org.archive.crawler.writer.MirrorWriterProcessor.dirPath(MirrorWriterProcessor.java:412)
	at org.archive.crawler.writer.MirrorWriterProcessor.uriToFile(MirrorWriterProcessor.java:662)
	at org.archive.crawler.writer.MirrorWriterProcessor.uriToFile(MirrorWriterProcessor.java:547)
	at org.archive.crawler.writer.MirrorWriterProcessor.innerProcess(MirrorWriterProcessor.java:367)
	at org.archive.crawler.framework.Processor.process(Processor.java:109)
	at org.archive.crawler.framework.ToeThread.processCrawlUri(ToeThread.java:306)
	at org.archive.crawler.framework.ToeThread.run(ToeThread.java:154)
2013-05-29T11:35:58.216Z   404       2472 http://cbjs.baidu.com/js/%7Bfile:string%7D.js EX http://cbjs.baidu.com/js/m.js text/html #049 20130529113557280+933 sha1:ZJUUYXG7KAVKL3RVIUSMEANO667NHIXS - le:IOException@MirrorWriter
 java.io.IOException: Can not rename D:\Eclipse files\SearchEngine\Heritrix\jobs\diangu2-20130529113051679\mirror\cbjs.baidu.com\js\{file:string}.jsN to D:\Eclipse files\SearchEngine\Heritrix\jobs\diangu2-20130529113051679\mirror\cbjs.baidu.com\js\{file:string}.js
	at org.archive.crawler.writer.MirrorWriterProcessor.writeToPath(MirrorWriterProcessor.java:704)
	at org.archive.crawler.writer.MirrorWriterProcessor.innerProcess(MirrorWriterProcessor.java:376)
	at org.archive.crawler.framework.Processor.process(Processor.java:109)
	at org.archive.crawler.framework.ToeThread.processCrawlUri(ToeThread.java:306)
	at org.archive.crawler.framework.ToeThread.run(ToeThread.java:154)
2013-05-29T11:35:59.025Z   200       1200 http://union.dangdang.com/transfer/transfer.aspx?from=P-239347&backurl=http://www.dangdang.com/ EX http://www.diyifanwen.com/js/adjs/topbanner2.js text/html #042 20130529113558973+48 sha1:ZUCQGII6T262Y7WDF2SOTSS3SP4M3WEV - le:FileNotFoundException@MirrorWriter
 java.io.FileNotFoundException: D:\Eclipse files\SearchEngine\Heritrix\jobs\diangu2-20130529113051679\mirror\union.dangdang.com\transfer\transferfrom=P-239347&backurl=http:\www.dangdang.com\.aspxN (文件名、目录名或卷标语法不正确。)
	at java.io.FileOutputStream.open(Native Method)
	at java.io.FileOutputStream.<init>(Unknown Source)
	at java.io.FileOutputStream.<init>(Unknown Source)
	at org.archive.crawler.writer.MirrorWriterProcessor.writeToPath(MirrorWriterProcessor.java:696)
	at org.archive.crawler.writer.MirrorWriterProcessor.innerProcess(MirrorWriterProcessor.java:376)
	at org.archive.crawler.framework.Processor.process(Processor.java:109)
	at org.archive.crawler.framework.ToeThread.processCrawlUri(ToeThread.java:306)
	at org.archive.crawler.framework.ToeThread.run(ToeThread.java:154)
2013-05-29T11:36:01.598Z    -3          - http://drmcmm.baidu.com/js/img/close.gif EX http://cbjs.baidu.com/js/m.js no-type #023 - - - le:SocketTimeoutException@HTTP
 java.net.SocketTimeoutException: Read timed out
	at java.net.SocketInputStream.socketRead0(Native Method)
	at java.net.SocketInputStream.read(Unknown Source)
	at java.net.SocketInputStream.read(Unknown Source)
	at java.io.BufferedInputStream.fill(Unknown Source)
	at java.io.BufferedInputStream.read(Unknown Source)
	at org.archive.io.RecordingInputStream.read(RecordingInputStream.java:100)
	at org.apache.commons.httpclient.HttpParser.readRawLine(HttpParser.java:78)
	at org.apache.commons.httpclient.HttpParser.readLine(HttpParser.java:106)
	at org.apache.commons.httpclient.HttpConnection.readLine(HttpConnection.java:1148)
	at org.apache.commons.httpclient.HttpMethodBase.readStatusLine(HttpMethodBase.java:1841)
	at org.apache.commons.httpclient.HttpMethodBase.readResponse(HttpMethodBase.java:1599)
	at org.apache.commons.httpclient.HttpMethodBase.execute(HttpMethodBase.java:1002)
	at org.archive.httpclient.HttpRecorderGetMethod.execute(HttpRecorderGetMethod.java:116)
	at org.apache.commons.httpclient.HttpMethodDirector.executeWithRetry(HttpMethodDirector.java:398)
	at org.apache.commons.httpclient.HttpMethodDirector.executeMethod(HttpMethodDirector.java:171)
	at org.apache.commons.httpclient.HttpClient.executeMethod(HttpClient.java:397)
	at org.apache.commons.httpclient.HttpClient.executeMethod(HttpClient.java:346)
	at org.archive.crawler.fetcher.FetchHTTP.innerProcess(FetchHTTP.java:500)
	at org.archive.crawler.framework.Processor.process(Processor.java:109)
	at org.archive.crawler.framework.ToeThread.processCrawlUri(ToeThread.java:306)
	at org.archive.crawler.framework.ToeThread.run(ToeThread.java:154)
2013-05-29T11:36:07.176Z   200       1841 http://js.users.51.la//373804.js EX http://www.diyifanwen.com/js/inc/bottom.js application/x-javascript #025 20130529113607129+43 sha1:VPYDH2DL6LEL3MOLUD5QLM4NUYTSZYYZ - le:IOException@MirrorWriter
 java.io.IOException: Can not rename D:\Eclipse files\SearchEngine\Heritrix\jobs\diangu2-20130529113051679\mirror\js.users.51.la\373804.jsN to D:\Eclipse files\SearchEngine\Heritrix\jobs\diangu2-20130529113051679\mirror\js.users.51.la\373804.js
	at org.archive.crawler.writer.MirrorWriterProcessor.writeToPath(MirrorWriterProcessor.java:704)
	at org.archive.crawler.writer.MirrorWriterProcessor.innerProcess(MirrorWriterProcessor.java:376)
	at org.archive.crawler.framework.Processor.process(Processor.java:109)
	at org.archive.crawler.framework.ToeThread.processCrawlUri(ToeThread.java:306)
	at org.archive.crawler.framework.ToeThread.run(ToeThread.java:154)
2013-05-29T11:36:10.681Z    -3          - http://gate.looyu.com/39883/88147.js EXE http://www.jiajiaoban.com/ no-type #012 - - - le:SocketTimeoutException@HTTP
 java.net.SocketTimeoutException: Read timed out
	at java.net.SocketInputStream.socketRead0(Native Method)
	at java.net.SocketInputStream.read(Unknown Source)
	at java.net.SocketInputStream.read(Unknown Source)
	at java.io.BufferedInputStream.fill(Unknown Source)
	at java.io.BufferedInputStream.read(Unknown Source)
	at org.archive.io.RecordingInputStream.read(RecordingInputStream.java:100)
	at org.apache.commons.httpclient.HttpParser.readRawLine(HttpParser.java:78)
	at org.apache.commons.httpclient.HttpParser.readLine(HttpParser.java:106)
	at org.apache.commons.httpclient.HttpConnection.readLine(HttpConnection.java:1148)
	at org.apache.commons.httpclient.HttpMethodBase.readStatusLine(HttpMethodBase.java:1841)
	at org.apache.commons.httpclient.HttpMethodBase.readResponse(HttpMethodBase.java:1599)
	at org.apache.commons.httpclient.HttpMethodBase.execute(HttpMethodBase.java:1002)
	at org.archive.httpclient.HttpRecorderGetMethod.execute(HttpRecorderGetMethod.java:116)
	at org.apache.commons.httpclient.HttpMethodDirector.executeWithRetry(HttpMethodDirector.java:398)
	at org.apache.commons.httpclient.HttpMethodDirector.executeMethod(HttpMethodDirector.java:171)
	at org.apache.commons.httpclient.HttpClient.executeMethod(HttpClient.java:397)
	at org.apache.commons.httpclient.HttpClient.executeMethod(HttpClient.java:346)
	at org.archive.crawler.fetcher.FetchHTTP.innerProcess(FetchHTTP.java:500)
	at org.archive.crawler.framework.Processor.process(Processor.java:109)
	at org.archive.crawler.framework.ToeThread.processCrawlUri(ToeThread.java:306)
	at org.archive.crawler.framework.ToeThread.run(ToeThread.java:154)
2013-05-29T11:36:35.060Z   200       1333 http://open.qzone.qq.com/like?url=http%3A%2F%2Fuser.qzone.qq.com%2F6096985&type=button_num&width=400&height=30&style=3 LE http://www.tonghua5.com/about/tougao.html text/html #031 20130529113634982+67 sha1:CWKTJLJW25JF2TYW333EZYKWZR5PCLAN - le:FileNotFoundException@MirrorWriter
 java.io.FileNotFoundException: D:\Eclipse files\SearchEngine\Heritrix\jobs\diangu2-20130529113051679\mirror\open.qzone.qq.com\likeurl=http:\user.qzone.qq.com\6096985&type=button_num&width=400&height=30&style=3N (文件名、目录名或卷标语法不正确。)
	at java.io.FileOutputStream.open(Native Method)
	at java.io.FileOutputStream.<init>(Unknown Source)
	at java.io.FileOutputStream.<init>(Unknown Source)
	at org.archive.crawler.writer.MirrorWriterProcessor.writeToPath(MirrorWriterProcessor.java:696)
	at org.archive.crawler.writer.MirrorWriterProcessor.innerProcess(MirrorWriterProcessor.java:376)
	at org.archive.crawler.framework.Processor.process(Processor.java:109)
	at org.archive.crawler.framework.ToeThread.processCrawlUri(ToeThread.java:306)
	at org.archive.crawler.framework.ToeThread.run(ToeThread.java:154)
2013-05-29T11:36:36.353Z   200      20625 http://www.diyifanwen.com/sucai/shoujitupian/index.html EXR http://www.diyifanwen.com/sucai/shoujitupian/ text/html #005 20130529113636219+106 sha1:IZ5EBTRTFFRCT53YZWTZXFFPOEJZCM6N - le:IOException@MirrorWriter
 java.io.IOException: Can not rename D:\Eclipse files\SearchEngine\Heritrix\jobs\diangu2-20130529113051679\mirror\www.diyifanwen.com\sucai\shoujitupian\index.htmlN to D:\Eclipse files\SearchEngine\Heritrix\jobs\diangu2-20130529113051679\mirror\www.diyifanwen.com\sucai\shoujitupian\index.html
	at org.archive.crawler.writer.MirrorWriterProcessor.writeToPath(MirrorWriterProcessor.java:704)
	at org.archive.crawler.writer.MirrorWriterProcessor.innerProcess(MirrorWriterProcessor.java:376)
	at org.archive.crawler.framework.Processor.process(Processor.java:109)
	at org.archive.crawler.framework.ToeThread.processCrawlUri(ToeThread.java:306)
	at org.archive.crawler.framework.ToeThread.run(ToeThread.java:154)
2013-05-29T11:36:40.631Z   200      16717 http://www.diyifanwen.com/sucai/shouchaobao/index.html EXR http://www.diyifanwen.com/sucai/shouchaobao/ text/html #005 20130529113640479+132 sha1:ABSAU25UUM2QJWZXHKYKUT7JEIY5OMFJ - le:IOException@MirrorWriter
 java.io.IOException: Can not rename D:\Eclipse files\SearchEngine\Heritrix\jobs\diangu2-20130529113051679\mirror\www.diyifanwen.com\sucai\shouchaobao\index.htmlN to D:\Eclipse files\SearchEngine\Heritrix\jobs\diangu2-20130529113051679\mirror\www.diyifanwen.com\sucai\shouchaobao\index.html
	at org.archive.crawler.writer.MirrorWriterProcessor.writeToPath(MirrorWriterProcessor.java:704)
	at org.archive.crawler.writer.MirrorWriterProcessor.innerProcess(MirrorWriterProcessor.java:376)
	at org.archive.crawler.framework.Processor.process(Processor.java:109)
	at org.archive.crawler.framework.ToeThread.processCrawlUri(ToeThread.java:306)
	at org.archive.crawler.framework.ToeThread.run(ToeThread.java:154)
2013-05-29T11:36:43.830Z   200       9003 http://qzs.qq.com/qzonestyle/qzone_app/qzone_open/like_bg.png?max_age=19830211&d=0831222831?max_age=19830211&d=0901104916 LEEE http://qzs.qq.com/qzonestyle/qzone_app/qzone_open/like_this.css image/png #018 20130529113643798+31 sha1:YY3RMREPUDUJ7G3JVANFSJTGF4B477ET - le:FileNotFoundException@MirrorWriter
 java.io.FileNotFoundException: D:\Eclipse files\SearchEngine\Heritrix\jobs\diangu2-20130529113051679\mirror\qzs.qq.com\qzonestyle\qzone_app\qzone_open\like_bgmax_age=19830211&d=0831222831?max_age=19830211&d=0901104916.pngN (文件名、目录名或卷标语法不正确。)
	at java.io.FileOutputStream.open(Native Method)
	at java.io.FileOutputStream.<init>(Unknown Source)
	at java.io.FileOutputStream.<init>(Unknown Source)
	at org.archive.crawler.writer.MirrorWriterProcessor.writeToPath(MirrorWriterProcessor.java:696)
	at org.archive.crawler.writer.MirrorWriterProcessor.innerProcess(MirrorWriterProcessor.java:376)
	at org.archive.crawler.framework.Processor.process(Processor.java:109)
	at org.archive.crawler.framework.ToeThread.processCrawlUri(ToeThread.java:306)
	at org.archive.crawler.framework.ToeThread.run(ToeThread.java:154)
2013-05-29T11:37:04.783Z    -3          - http://www.diyifanwen.com/sucai/heibanbao/index.html EXR http://www.diyifanwen.com/sucai/heibanbao/ no-type #005 - - - le:SocketTimeoutException@HTTP
 java.net.SocketTimeoutException: Read timed out
	at java.net.SocketInputStream.socketRead0(Native Method)
	at java.net.SocketInputStream.read(Unknown Source)
	at java.net.SocketInputStream.read(Unknown Source)
	at java.io.BufferedInputStream.fill(Unknown Source)
	at java.io.BufferedInputStream.read(Unknown Source)
	at org.archive.io.RecordingInputStream.read(RecordingInputStream.java:100)
	at org.apache.commons.httpclient.HttpParser.readRawLine(HttpParser.java:78)
	at org.apache.commons.httpclient.HttpParser.readLine(HttpParser.java:106)
	at org.apache.commons.httpclient.HttpConnection.readLine(HttpConnection.java:1148)
	at org.apache.commons.httpclient.HttpMethodBase.readStatusLine(HttpMethodBase.java:1841)
	at org.apache.commons.httpclient.HttpMethodBase.readResponse(HttpMethodBase.java:1599)
	at org.apache.commons.httpclient.HttpMethodBase.execute(HttpMethodBase.java:1002)
	at org.archive.httpclient.HttpRecorderGetMethod.execute(HttpRecorderGetMethod.java:116)
	at org.apache.commons.httpclient.HttpMethodDirector.executeWithRetry(HttpMethodDirector.java:398)
	at org.apache.commons.httpclient.HttpMethodDirector.executeMethod(HttpMethodDirector.java:171)
	at org.apache.commons.httpclient.HttpClient.executeMethod(HttpClient.java:397)
	at org.apache.commons.httpclient.HttpClient.executeMethod(HttpClient.java:346)
	at org.archive.crawler.fetcher.FetchHTTP.innerProcess(FetchHTTP.java:500)
	at org.archive.crawler.framework.Processor.process(Processor.java:109)
	at org.archive.crawler.framework.ToeThread.processCrawlUri(ToeThread.java:306)
	at org.archive.crawler.framework.ToeThread.run(ToeThread.java:154)
2013-05-29T11:37:06.594Z    -2          - http://resources.banzhu.com/home/style/frm/16/layout16.css LE http://diangu01.banzhu.com/column/diangu01-12.html no-type #019 - - - le:SocketTimeoutException@HTTP
 java.net.SocketTimeoutException: connect timed out: timeout set at 20000ms.
	at org.archive.crawler.fetcher.HeritrixProtocolSocketFactory.createSocket(HeritrixProtocolSocketFactory.java:134)
	at org.apache.commons.httpclient.HttpConnection.open(HttpConnection.java:708)
	at org.apache.commons.httpclient.HttpMethodDirector.executeWithRetry(HttpMethodDirector.java:387)
	at org.apache.commons.httpclient.HttpMethodDirector.executeMethod(HttpMethodDirector.java:171)
	at org.apache.commons.httpclient.HttpClient.executeMethod(HttpClient.java:397)
	at org.apache.commons.httpclient.HttpClient.executeMethod(HttpClient.java:346)
	at org.archive.crawler.fetcher.FetchHTTP.innerProcess(FetchHTTP.java:500)
	at org.archive.crawler.framework.Processor.process(Processor.java:109)
	at org.archive.crawler.framework.ToeThread.processCrawlUri(ToeThread.java:306)
	at org.archive.crawler.framework.ToeThread.run(ToeThread.java:154)
2013-05-29T11:37:06.702Z    -2          - http://res.tonghua5.com/8-13022Q520520-L.jpg LEXE http://song.tonghua5.com// no-type #007 - - - le:SocketTimeoutException@HTTP
 java.net.SocketTimeoutException: connect timed out: timeout set at 20000ms.
	at org.archive.crawler.fetcher.HeritrixProtocolSocketFactory.createSocket(HeritrixProtocolSocketFactory.java:134)
	at org.apache.commons.httpclient.HttpConnection.open(HttpConnection.java:708)
	at org.apache.commons.httpclient.HttpMethodDirector.executeWithRetry(HttpMethodDirector.java:387)
	at org.apache.commons.httpclient.HttpMethodDirector.executeMethod(HttpMethodDirector.java:171)
	at org.apache.commons.httpclient.HttpClient.executeMethod(HttpClient.java:397)
	at org.apache.commons.httpclient.HttpClient.executeMethod(HttpClient.java:346)
	at org.archive.crawler.fetcher.FetchHTTP.innerProcess(FetchHTTP.java:500)
	at org.archive.crawler.framework.Processor.process(Processor.java:109)
	at org.archive.crawler.framework.ToeThread.processCrawlUri(ToeThread.java:306)
	at org.archive.crawler.framework.ToeThread.run(ToeThread.java:154)
2013-05-29T11:37:06.777Z    -2          - http://i3.sinaimg.cn/edu/228/2013/0401/U7622P42T228D1599F7180DT20130401190452.jpg EXE http://edu.sina.com.cn/ no-type #043 - - - le:SocketTimeoutException@HTTP
 java.net.SocketTimeoutException: connect timed out: timeout set at 20000ms.
	at org.archive.crawler.fetcher.HeritrixProtocolSocketFactory.createSocket(HeritrixProtocolSocketFactory.java:134)
	at org.apache.commons.httpclient.HttpConnection.open(HttpConnection.java:708)
	at org.apache.commons.httpclient.HttpMethodDirector.executeWithRetry(HttpMethodDirector.java:387)
	at org.apache.commons.httpclient.HttpMethodDirector.executeMethod(HttpMethodDirector.java:171)
	at org.apache.commons.httpclient.HttpClient.executeMethod(HttpClient.java:397)
	at org.apache.commons.httpclient.HttpClient.executeMethod(HttpClient.java:346)
	at org.archive.crawler.fetcher.FetchHTTP.innerProcess(FetchHTTP.java:500)
	at org.archive.crawler.framework.Processor.process(Processor.java:109)
	at org.archive.crawler.framework.ToeThread.processCrawlUri(ToeThread.java:306)
	at org.archive.crawler.framework.ToeThread.run(ToeThread.java:154)
2013-05-29T11:37:06.813Z    -2          - http://www.mobby.cn/img/images/length_02.jpg EXE http://www.mobby.cn/ no-type #021 - - - le:SocketTimeoutException@HTTP
 java.net.SocketTimeoutException: connect timed out: timeout set at 20000ms.
	at org.archive.crawler.fetcher.HeritrixProtocolSocketFactory.createSocket(HeritrixProtocolSocketFactory.java:134)
	at org.apache.commons.httpclient.HttpConnection.open(HttpConnection.java:708)
	at org.apache.commons.httpclient.HttpMethodDirector.executeWithRetry(HttpMethodDirector.java:387)
	at org.apache.commons.httpclient.HttpMethodDirector.executeMethod(HttpMethodDirector.java:171)
	at org.apache.commons.httpclient.HttpClient.executeMethod(HttpClient.java:397)
	at org.apache.commons.httpclient.HttpClient.executeMethod(HttpClient.java:346)
	at org.archive.crawler.fetcher.FetchHTTP.innerProcess(FetchHTTP.java:500)
	at org.archive.crawler.framework.Processor.process(Processor.java:109)
	at org.archive.crawler.framework.ToeThread.processCrawlUri(ToeThread.java:306)
	at org.archive.crawler.framework.ToeThread.run(ToeThread.java:154)
2013-05-29T11:37:07.069Z    -2          - http://diangu01.banzhu.com/column/diangu01-21.html L http://diangu01.banzhu.com/ no-type #037 - - - le:SocketTimeoutException@HTTP
 java.net.SocketTimeoutException: connect timed out: timeout set at 20000ms.
	at org.archive.crawler.fetcher.HeritrixProtocolSocketFactory.createSocket(HeritrixProtocolSocketFactory.java:134)
	at org.apache.commons.httpclient.HttpConnection.open(HttpConnection.java:708)
	at org.apache.commons.httpclient.HttpMethodDirector.executeWithRetry(HttpMethodDirector.java:387)
	at org.apache.commons.httpclient.HttpMethodDirector.executeMethod(HttpMethodDirector.java:171)
	at org.apache.commons.httpclient.HttpClient.executeMethod(HttpClient.java:397)
	at org.apache.commons.httpclient.HttpClient.executeMethod(HttpClient.java:346)
	at org.archive.crawler.fetcher.FetchHTTP.innerProcess(FetchHTTP.java:500)
	at org.archive.crawler.framework.Processor.process(Processor.java:109)
	at org.archive.crawler.framework.ToeThread.processCrawlUri(ToeThread.java:306)
	at org.archive.crawler.framework.ToeThread.run(ToeThread.java:154)
2013-05-29T11:37:07.148Z    -2          - http://www.tonghua5.com/ad/bd468x15.js LE http://www.tonghua5.com/jingdiantonghua/665.html no-type #001 - - - le:SocketTimeoutException@HTTP
 java.net.SocketTimeoutException: connect timed out: timeout set at 20000ms.
	at org.archive.crawler.fetcher.HeritrixProtocolSocketFactory.createSocket(HeritrixProtocolSocketFactory.java:134)
	at org.apache.commons.httpclient.HttpConnection.open(HttpConnection.java:708)
	at org.apache.commons.httpclient.HttpMethodDirector.executeWithRetry(HttpMethodDirector.java:387)
	at org.apache.commons.httpclient.HttpMethodDirector.executeMethod(HttpMethodDirector.java:171)
	at org.apache.commons.httpclient.HttpClient.executeMethod(HttpClient.java:397)
	at org.apache.commons.httpclient.HttpClient.executeMethod(HttpClient.java:346)
	at org.archive.crawler.fetcher.FetchHTTP.innerProcess(FetchHTTP.java:500)
	at org.archive.crawler.framework.Processor.process(Processor.java:109)
	at org.archive.crawler.framework.ToeThread.processCrawlUri(ToeThread.java:306)
	at org.archive.crawler.framework.ToeThread.run(ToeThread.java:154)
2013-05-29T11:37:07.355Z    -2          - http://sns.qzone.qq.com//cgi-bin//qzshare//cgi_qzshare_likeurl LEX http://www.tonghua5.com/ad/dig.js no-type #039 - - - le:SocketTimeoutException@HTTP
 java.net.SocketTimeoutException: connect timed out: timeout set at 20000ms.
	at org.archive.crawler.fetcher.HeritrixProtocolSocketFactory.createSocket(HeritrixProtocolSocketFactory.java:134)
	at org.apache.commons.httpclient.HttpConnection.open(HttpConnection.java:708)
	at org.apache.commons.httpclient.HttpMethodDirector.executeWithRetry(HttpMethodDirector.java:387)
	at org.apache.commons.httpclient.HttpMethodDirector.executeMethod(HttpMethodDirector.java:171)
	at org.apache.commons.httpclient.HttpClient.executeMethod(HttpClient.java:397)
	at org.apache.commons.httpclient.HttpClient.executeMethod(HttpClient.java:346)
	at org.archive.crawler.fetcher.FetchHTTP.innerProcess(FetchHTTP.java:500)
	at org.archive.crawler.framework.Processor.process(Processor.java:109)
	at org.archive.crawler.framework.ToeThread.processCrawlUri(ToeThread.java:306)
	at org.archive.crawler.framework.ToeThread.run(ToeThread.java:154)
2013-05-29T11:37:07.764Z    -2          - http://i1.sinaimg.cn/edu/2012/0305/U7516P42DT20120305164937.jpg EXE http://edu.sina.com.cn/ no-type #034 - - - le:SocketTimeoutException@HTTP
 java.net.SocketTimeoutException: connect timed out: timeout set at 20000ms.
	at org.archive.crawler.fetcher.HeritrixProtocolSocketFactory.createSocket(HeritrixProtocolSocketFactory.java:134)
	at org.apache.commons.httpclient.HttpConnection.open(HttpConnection.java:708)
	at org.apache.commons.httpclient.HttpMethodDirector.executeWithRetry(HttpMethodDirector.java:387)
	at org.apache.commons.httpclient.HttpMethodDirector.executeMethod(HttpMethodDirector.java:171)
	at org.apache.commons.httpclient.HttpClient.executeMethod(HttpClient.java:397)
	at org.apache.commons.httpclient.HttpClient.executeMethod(HttpClient.java:346)
	at org.archive.crawler.fetcher.FetchHTTP.innerProcess(FetchHTTP.java:500)
	at org.archive.crawler.framework.Processor.process(Processor.java:109)
	at org.archive.crawler.framework.ToeThread.processCrawlUri(ToeThread.java:306)
	at org.archive.crawler.framework.ToeThread.run(ToeThread.java:154)
2013-05-29T11:37:08.042Z    -2          - http://qzonestyle.gtimg.cn/qzone_v6/act/20110628_qzonev6_alpha/timeline.png LEXE http://qzs.qq.com/ no-type #047 - - - le:SocketTimeoutException@HTTP
 java.net.SocketTimeoutException: connect timed out: timeout set at 20000ms.
	at org.archive.crawler.fetcher.HeritrixProtocolSocketFactory.createSocket(HeritrixProtocolSocketFactory.java:134)
	at org.apache.commons.httpclient.HttpConnection.open(HttpConnection.java:708)
	at org.apache.commons.httpclient.HttpMethodDirector.executeWithRetry(HttpMethodDirector.java:387)
	at org.apache.commons.httpclient.HttpMethodDirector.executeMethod(HttpMethodDirector.java:171)
	at org.apache.commons.httpclient.HttpClient.executeMethod(HttpClient.java:397)
	at org.apache.commons.httpclient.HttpClient.executeMethod(HttpClient.java:346)
	at org.archive.crawler.fetcher.FetchHTTP.innerProcess(FetchHTTP.java:500)
	at org.archive.crawler.framework.Processor.process(Processor.java:109)
	at org.archive.crawler.framework.ToeThread.processCrawlUri(ToeThread.java:306)
	at org.archive.crawler.framework.ToeThread.run(ToeThread.java:154)
