2013-05-29T11:35:21.313Z http://diangu01.banzhu.com/ "http scheme specific part is too short: //" http://
2013-05-29T11:35:26.131Z http://atth.eduu.com/jQuery.js "Unsupported scheme: chrome" chrome://livemargins/skin/monitor-background-horizontal.png
2013-05-29T11:35:26.132Z http://atth.eduu.com/jQuery.js "Unsupported scheme: chrome" chrome://livemargins/skin/monitor-background-vertical.png
2013-05-29T11:35:26.132Z http://atth.eduu.com/jQuery.js "Unsupported scheme: chrome" chrome://livemargins/skin/monitor-play-button.png
2013-05-29T11:35:31.116Z http://edu.sina.com.cn/ "http scheme specific part is too short: //" https://
2013-05-29T11:35:31.116Z http://edu.sina.com.cn/ "http scheme specific part is too short: //" http://
2013-05-29T11:35:31.569Z http://edu.sina.com.cn/ "http scheme specific part is too short: //" http://
2013-05-29T11:35:36.768Z http://diangu01.banzhu.com/column/diangu01-1.html "http scheme specific part is too short: //" http://
2013-05-29T11:35:38.300Z http://img.eduuu.com/website/public_js/topMenu.js "gnu.inet.encoding.IDNAException: Contains non-LDH characters. www."+gccHost.domain+"" http://www."+gccHost.domain+"/
2013-05-29T11:35:42.971Z http://www.speiyou.com/ "http scheme specific part is too short: //" http://
2013-05-29T11:35:45.888Z http://atth.eduu.com/jQuery.js?v=20110224 "Unsupported scheme: chrome" chrome://livemargins/skin/monitor-background-horizontal.png
2013-05-29T11:35:45.888Z http://atth.eduu.com/jQuery.js?v=20110224 "Unsupported scheme: chrome" chrome://livemargins/skin/monitor-background-vertical.png
2013-05-29T11:35:45.888Z http://atth.eduu.com/jQuery.js?v=20110224 "Unsupported scheme: chrome" chrome://livemargins/skin/monitor-play-button.png
2013-05-29T11:35:46.882Z http://diangu01.banzhu.com/column/diangu01-2.html "http scheme specific part is too short: //" http://
2013-05-29T11:35:47.978Z http://book.eduu.com/style/book/js/toplogin.js "gnu.inet.encoding.IDNAException: Contains non-LDH characters. www."+gccHost.domain+"" http://www."+gccHost.domain+"/
2013-05-29T11:35:54.751Z http://www.google-analytics.com/ga.js "http scheme specific part is too short: //" http://
2013-05-29T11:35:54.751Z http://www.google-analytics.com/ga.js "http scheme specific part is too short: //" https://
2013-05-29T11:35:59.023Z http://union.dangdang.com/transfer/transfer.aspx?from=P-239347&backurl=http://www.dangdang.com/ "incorrect path" P-239347|#1|#www.diyifanwen.com%2Fjs%2Fadjs%2Ftopbanner2.js|#0|#NwLX4jzrKLma
2013-05-29T11:36:01.617Z http://diangu01.banzhu.com/column/diangu01-4.html "http scheme specific part is too short: //" http://
2013-05-29T11:36:02.651Z http://cpro.baidu.com//cpro//ui//c.js "http scheme specific part is too short: //" http://
2013-05-29T11:36:04.052Z http://diangu01.banzhu.com/column/diangu01-8.html "http scheme specific part is too short: //" http://
2013-05-29T11:36:06.469Z http://diangu01.banzhu.com/column/diangu01-7.html "http scheme specific part is too short: //" http://
2013-05-29T11:36:08.907Z http://diangu01.banzhu.com/column/diangu01-25.html "http scheme specific part is too short: //" http://
2013-05-29T11:36:11.559Z http://diangu01.banzhu.com/column/diangu01-124133.html "http scheme specific part is too short: //" http://
2013-05-29T11:36:13.615Z http://cpro.baidu.com//cpro//ui//f.js "http scheme specific part is too short: //" http://
2013-05-29T11:36:14.379Z http://diangu01.banzhu.com/column/diangu01-24.html "http scheme specific part is too short: //" http://
2013-05-29T11:36:17.152Z http://diangu01.banzhu.com/column/diangu01-3.html "http scheme specific part is too short: //" http://
2013-05-29T11:36:20.673Z http://diangu01.banzhu.com/column/diangu01-13.html "http scheme specific part is too short: //" http://
2013-05-29T11:36:23.958Z http://imgs.eduu.com/js/topmenu.js?v=1369827347 "gnu.inet.encoding.IDNAException: Contains non-LDH characters. www."+gccHost.domain+"" http://www."+gccHost.domain+"/
2013-05-29T11:36:25.242Z http://diangu01.banzhu.com/column/diangu01-9.html "http scheme specific part is too short: //" http://
2013-05-29T11:36:27.610Z http://diangu01.banzhu.com/column/diangu01-26.html "http scheme specific part is too short: //" http://
2013-05-29T11:36:30.055Z http://diangu01.banzhu.com/column/diangu01-17.html "http scheme specific part is too short: //" http://
2013-05-29T11:36:32.572Z http://diangu01.banzhu.com/column/diangu01-28.html "http scheme specific part is too short: //" http://
2013-05-29T11:36:35.041Z http://diangu01.banzhu.com/column/diangu01-15.html "http scheme specific part is too short: //" http://
2013-05-29T11:36:35.056Z http://open.qzone.qq.com/like?url=http%3A%2F%2Fuser.qzone.qq.com%2F6096985&type=button_num&width=400&height=30&style=3 "http scheme specific part is too short: //" http://
2013-05-29T11:36:35.056Z http://open.qzone.qq.com/like?url=http%3A%2F%2Fuser.qzone.qq.com%2F6096985&type=button_num&width=400&height=30&style=3 "http scheme specific part is too short: //" http://
2013-05-29T11:36:35.056Z http://open.qzone.qq.com/like?url=http%3A%2F%2Fuser.qzone.qq.com%2F6096985&type=button_num&width=400&height=30&style=3 "http scheme specific part is too short: //" http://
2013-05-29T11:36:37.559Z http://diangu01.banzhu.com/column/diangu01-16.html "http scheme specific part is too short: //" http://
2013-05-29T11:36:40.004Z http://diangu01.banzhu.com/column/diangu01-20.html "http scheme specific part is too short: //" http://
2013-05-29T11:36:42.539Z http://diangu01.banzhu.com/column/diangu01-11.html "http scheme specific part is too short: //" http://
2013-05-29T11:36:45.035Z http://diangu01.banzhu.com/column/diangu01-12.html "http scheme specific part is too short: //" http://
2013-05-29T11:38:44.537Z http://www.zuowen.com/ "gnu.inet.encoding.IDNAException: Contains non-LDH characters. (.*)" http://(.*)/
2013-05-29T11:39:55.022Z http://img.eduuu.com/website/public_js/searchapi.js "http scheme specific part is too short: //" http://
2013-05-29T11:40:23.213Z http://img.eduuu.com/website/aoshu/nav/subcity.js "gnu.inet.encoding.IDNAException: Contains non-LDH characters. '+auCity[k].url+'" http://'+auCity[k].url+'/
2013-05-29T11:40:23.213Z http://img.eduuu.com/website/aoshu/nav/subcity.js "gnu.inet.encoding.IDNAException: Contains non-LDH characters. "+auCity[k].url+"" http://"+auCity[k].url+"/
2013-05-29T11:40:23.215Z http://img.eduuu.com/website/aoshu/nav/subcity.js "gnu.inet.encoding.IDNAException: Contains non-LDH characters. "+auCity[k].url+"" http://"+auCity[k].url+"/
2013-05-29T11:40:23.215Z http://img.eduuu.com/website/aoshu/nav/subcity.js "gnu.inet.encoding.IDNAException: Contains non-LDH characters. "+auCity[k].url+"" http://"+auCity[k].url+"/
